Detecting C [-std=c11] compiler features failed to compile with the following output:
Change Dir: /home/mirrorlabs/eth_ws/src/husky_highlevel_controller/build/CMakeFiles/CMakeTmp

Run Build Command:"/usr/bin/make" "cmTC_41a61/fast"
/usr/bin/make -f CMakeFiles/cmTC_41a61.dir/build.make CMakeFiles/cmTC_41a61.dir/build
make[1]: Entering directory '/home/mirrorlabs/eth_ws/src/husky_highlevel_controller/build/CMakeFiles/CMakeTmp'
Building C object CMakeFiles/cmTC_41a61.dir/feature_tests.c.o
/usr/bin/c89-gcc   -std=c11 -o CMakeFiles/cmTC_41a61.dir/feature_tests.c.o   -c /home/mirrorlabs/eth_ws/src/husky_highlevel_controller/build/CMakeFiles/feature_tests.c
c89-gcc called with non ANSI/ISO C option -std=c11
CMakeFiles/cmTC_41a61.dir/build.make:65: recipe for target 'CMakeFiles/cmTC_41a61.dir/feature_tests.c.o' failed
make[1]: *** [CMakeFiles/cmTC_41a61.dir/feature_tests.c.o] Error 1
make[1]: Leaving directory '/home/mirrorlabs/eth_ws/src/husky_highlevel_controller/build/CMakeFiles/CMakeTmp'
Makefile:126: recipe for target 'cmTC_41a61/fast' failed
make: *** [cmTC_41a61/fast] Error 2



Determining if the pthread_create exist failed with the following output:
Change Dir: /home/mirrorlabs/eth_ws/src/husky_highlevel_controller/build/CMakeFiles/CMakeTmp

Run Build Command:"/usr/bin/make" "cmTC_aabee/fast"
/usr/bin/make -f CMakeFiles/cmTC_aabee.dir/build.make CMakeFiles/cmTC_aabee.dir/build
make[1]: Entering directory '/home/mirrorlabs/eth_ws/src/husky_highlevel_controller/build/CMakeFiles/CMakeTmp'
Building C object CMakeFiles/cmTC_aabee.dir/CheckSymbolExists.c.o
/usr/bin/c89-gcc    -o CMakeFiles/cmTC_aabee.dir/CheckSymbolExists.c.o   -c /home/mirrorlabs/eth_ws/src/husky_highlevel_controller/build/CMakeFiles/CMakeTmp/CheckSymbolExists.c
Linking C executable cmTC_aabee
/usr/bin/cmake -E cmake_link_script CMakeFiles/cmTC_aabee.dir/link.txt --verbose=1
/usr/bin/c89-gcc      -rdynamic CMakeFiles/cmTC_aabee.dir/CheckSymbolExists.c.o  -o cmTC_aabee 
CMakeFiles/cmTC_aabee.dir/CheckSymbolExists.c.o: In function `main':
CheckSymbolExists.c:(.text+0x1b): undefined reference to `pthread_create'
collect2: error: ld returned 1 exit status
CMakeFiles/cmTC_aabee.dir/build.make:97: recipe for target 'cmTC_aabee' failed
make[1]: *** [cmTC_aabee] Error 1
make[1]: Leaving directory '/home/mirrorlabs/eth_ws/src/husky_highlevel_controller/build/CMakeFiles/CMakeTmp'
Makefile:126: recipe for target 'cmTC_aabee/fast' failed
make: *** [cmTC_aabee/fast] Error 2

File /home/mirrorlabs/eth_ws/src/husky_highlevel_controller/build/CMakeFiles/CMakeTmp/CheckSymbolExists.c:
/* */
#include <pthread.h>

int main(int argc, char** argv)
{
  (void)argv;
#ifndef pthread_create
  return ((int*)(&pthread_create))[argc];
#else
  (void)argc;
  return 0;
#endif
}

Determining if the function pthread_create exists in the pthreads failed with the following output:
Change Dir: /home/mirrorlabs/eth_ws/src/husky_highlevel_controller/build/CMakeFiles/CMakeTmp

Run Build Command:"/usr/bin/make" "cmTC_74c31/fast"
/usr/bin/make -f CMakeFiles/cmTC_74c31.dir/build.make CMakeFiles/cmTC_74c31.dir/build
make[1]: Entering directory '/home/mirrorlabs/eth_ws/src/husky_highlevel_controller/build/CMakeFiles/CMakeTmp'
Building C object CMakeFiles/cmTC_74c31.dir/CheckFunctionExists.c.o
/usr/bin/c89-gcc   -DCHECK_FUNCTION_EXISTS=pthread_create   -o CMakeFiles/cmTC_74c31.dir/CheckFunctionExists.c.o   -c /usr/share/cmake-3.10/Modules/CheckFunctionExists.c
Linking C executable cmTC_74c31
/usr/bin/cmake -E cmake_link_script CMakeFiles/cmTC_74c31.dir/link.txt --verbose=1
/usr/bin/c89-gcc  -DCHECK_FUNCTION_EXISTS=pthread_create    -rdynamic CMakeFiles/cmTC_74c31.dir/CheckFunctionExists.c.o  -o cmTC_74c31 -lpthreads 
/usr/bin/ld: cannot find -lpthreads
collect2: error: ld returned 1 exit status
CMakeFiles/cmTC_74c31.dir/build.make:97: recipe for target 'cmTC_74c31' failed
make[1]: *** [cmTC_74c31] Error 1
make[1]: Leaving directory '/home/mirrorlabs/eth_ws/src/husky_highlevel_controller/build/CMakeFiles/CMakeTmp'
Makefile:126: recipe for target 'cmTC_74c31/fast' failed
make: *** [cmTC_74c31/fast] Error 2


