Determining if the pthread_create exist failed with the following output:
Change Dir: /home/ines/catkin_ws/build/husky_highlevel_controller/CMakeFiles/CMakeTmp

Run Build Command:"/usr/bin/make" "cmTC_a9c30/fast"
/usr/bin/make -f CMakeFiles/cmTC_a9c30.dir/build.make CMakeFiles/cmTC_a9c30.dir/build
make[1]: Entering directory '/home/ines/catkin_ws/build/husky_highlevel_controller/CMakeFiles/CMakeTmp'
Building C object CMakeFiles/cmTC_a9c30.dir/CheckSymbolExists.c.o
/usr/bin/cc    -o CMakeFiles/cmTC_a9c30.dir/CheckSymbolExists.c.o   -c /home/ines/catkin_ws/build/husky_highlevel_controller/CMakeFiles/CMakeTmp/CheckSymbolExists.c
Linking C executable cmTC_a9c30
/usr/bin/cmake -E cmake_link_script CMakeFiles/cmTC_a9c30.dir/link.txt --verbose=1
/usr/bin/cc      -rdynamic CMakeFiles/cmTC_a9c30.dir/CheckSymbolExists.c.o  -o cmTC_a9c30 
CMakeFiles/cmTC_a9c30.dir/CheckSymbolExists.c.o: In function `main':
CheckSymbolExists.c:(.text+0x1b): undefined reference to `pthread_create'
collect2: error: ld returned 1 exit status
CMakeFiles/cmTC_a9c30.dir/build.make:97: recipe for target 'cmTC_a9c30' failed
make[1]: *** [cmTC_a9c30] Error 1
make[1]: Leaving directory '/home/ines/catkin_ws/build/husky_highlevel_controller/CMakeFiles/CMakeTmp'
Makefile:126: recipe for target 'cmTC_a9c30/fast' failed
make: *** [cmTC_a9c30/fast] Error 2

File /home/ines/catkin_ws/build/husky_highlevel_controller/CMakeFiles/CMakeTmp/CheckSymbolExists.c:
/* */
#include <pthread.h>

int main(int argc, char** argv)
{
  (void)argv;
#ifndef pthread_create
  return ((int*)(&pthread_create))[argc];
#else
  (void)argc;
  return 0;
#endif
}

Determining if the function pthread_create exists in the pthreads failed with the following output:
Change Dir: /home/ines/catkin_ws/build/husky_highlevel_controller/CMakeFiles/CMakeTmp

Run Build Command:"/usr/bin/make" "cmTC_9472c/fast"
/usr/bin/make -f CMakeFiles/cmTC_9472c.dir/build.make CMakeFiles/cmTC_9472c.dir/build
make[1]: Entering directory '/home/ines/catkin_ws/build/husky_highlevel_controller/CMakeFiles/CMakeTmp'
Building C object CMakeFiles/cmTC_9472c.dir/CheckFunctionExists.c.o
/usr/bin/cc   -DCHECK_FUNCTION_EXISTS=pthread_create   -o CMakeFiles/cmTC_9472c.dir/CheckFunctionExists.c.o   -c /usr/share/cmake-3.10/Modules/CheckFunctionExists.c
Linking C executable cmTC_9472c
/usr/bin/cmake -E cmake_link_script CMakeFiles/cmTC_9472c.dir/link.txt --verbose=1
/usr/bin/cc  -DCHECK_FUNCTION_EXISTS=pthread_create    -rdynamic CMakeFiles/cmTC_9472c.dir/CheckFunctionExists.c.o  -o cmTC_9472c -lpthreads 
/usr/bin/ld: cannot find -lpthreads
collect2: error: ld returned 1 exit status
CMakeFiles/cmTC_9472c.dir/build.make:97: recipe for target 'cmTC_9472c' failed
make[1]: *** [cmTC_9472c] Error 1
make[1]: Leaving directory '/home/ines/catkin_ws/build/husky_highlevel_controller/CMakeFiles/CMakeTmp'
Makefile:126: recipe for target 'cmTC_9472c/fast' failed
make: *** [cmTC_9472c/fast] Error 2


